<?xml version="1.0" encoding="UTF-8"?>
<!-- Generated by org.testng.reporters.JUnitReportReporter -->
<testsuite hostname="LAPTOP-BUA0KBG0" failures="0" tests="1" name="TestCases.MyPortfolioTest" time="43.412" errors="0" timestamp="2021-12-03T15:59:12 IST" skipped="0">
  <testcase classname="TestCases.MyPortfolioTest" name="openPortfolio" time="43.412"/>
  <system-out/>
</testsuite> <!-- TestCases.MyPortfolioTest -->
